{"contracts/Raffle.sol":{"l":{"58":3,"59":3,"60":3,"61":3,"62":3,"63":3,"65":3,"66":3,"71":16,"72":1,"75":15,"76":1,"78":14,"79":14,"101":10,"102":10,"103":10,"104":10,"106":10,"117":6,"118":6,"119":0,"123":6,"124":6,"132":6,"140":1,"141":1,"142":1,"145":1,"146":1,"147":1,"149":1,"154":15,"158":1,"162":2,"166":15,"170":3,"174":1,"178":1,"184":0},"path":"/Users/gokul/Desktop/projects/hardhat-fcc/hardhat-fcc-raffle/contracts/Raffle.sol","s":{"1":16,"2":15,"3":14,"4":14,"5":10,"6":10,"7":10,"8":10,"9":6,"10":6,"11":6,"12":6,"13":1,"14":1,"15":1,"16":15,"17":1,"18":2,"19":15,"20":3,"21":1,"22":1,"23":0},"b":{"1":[1,15],"2":[1,14],"3":[0,6]},"f":{"1":3,"2":16,"3":10,"4":6,"5":1,"6":15,"7":1,"8":2,"9":15,"10":3,"11":1,"12":1,"13":0},"fnMap":{"1":{"name":"constructor","line":57,"loc":{"start":{"line":50,"column":4},"end":{"line":67,"column":4}}},"2":{"name":"enterRaffle","line":69,"loc":{"start":{"line":69,"column":4},"end":{"line":80,"column":4}}},"3":{"name":"checkUpkeep","line":90,"loc":{"start":{"line":90,"column":4},"end":{"line":107,"column":4}}},"4":{"name":"performUpkeep","line":114,"loc":{"start":{"line":114,"column":4},"end":{"line":133,"column":4}}},"5":{"name":"fulfillRandomWords","line":136,"loc":{"start":{"line":136,"column":4},"end":{"line":150,"column":4}}},"6":{"name":"getEntranceFee","line":153,"loc":{"start":{"line":153,"column":4},"end":{"line":155,"column":4}}},"7":{"name":"getPlayer","line":157,"loc":{"start":{"line":157,"column":4},"end":{"line":159,"column":4}}},"8":{"name":"getLastTimestamp","line":161,"loc":{"start":{"line":161,"column":4},"end":{"line":163,"column":4}}},"9":{"name":"getInterval","line":165,"loc":{"start":{"line":165,"column":4},"end":{"line":167,"column":4}}},"10":{"name":"getRaffleState","line":169,"loc":{"start":{"line":169,"column":4},"end":{"line":171,"column":4}}},"11":{"name":"getNumPlayers","line":173,"loc":{"start":{"line":173,"column":4},"end":{"line":175,"column":4}}},"12":{"name":"getRecentWinner","line":177,"loc":{"start":{"line":177,"column":4},"end":{"line":179,"column":4}}},"13":{"name":"getNumWords","line":183,"loc":{"start":{"line":183,"column":4},"end":{"line":185,"column":4}}}},"statementMap":{"1":{"start":{"line":71,"column":8},"end":{"line":71,"column":2347}},"2":{"start":{"line":75,"column":8},"end":{"line":75,"column":2446}},"3":{"start":{"line":78,"column":8},"end":{"line":78,"column":42}},"4":{"start":{"line":79,"column":8},"end":{"line":79,"column":36}},"5":{"start":{"line":101,"column":8},"end":{"line":101,"column":77}},"6":{"start":{"line":102,"column":8},"end":{"line":102,"column":57}},"7":{"start":{"line":103,"column":8},"end":{"line":103,"column":51}},"8":{"start":{"line":104,"column":8},"end":{"line":104,"column":46}},"9":{"start":{"line":117,"column":8},"end":{"line":117,"column":47}},"10":{"start":{"line":118,"column":8},"end":{"line":118,"column":3902}},"11":{"start":{"line":124,"column":8},"end":{"line":124,"column":4087}},"12":{"start":{"line":132,"column":8},"end":{"line":132,"column":45}},"13":{"start":{"line":140,"column":8},"end":{"line":140,"column":69}},"14":{"start":{"line":141,"column":8},"end":{"line":141,"column":67}},"15":{"start":{"line":149,"column":8},"end":{"line":149,"column":39}},"16":{"start":{"line":154,"column":8},"end":{"line":154,"column":28}},"17":{"start":{"line":158,"column":8},"end":{"line":158,"column":31}},"18":{"start":{"line":162,"column":8},"end":{"line":162,"column":30}},"19":{"start":{"line":166,"column":8},"end":{"line":166,"column":25}},"20":{"start":{"line":170,"column":8},"end":{"line":170,"column":28}},"21":{"start":{"line":174,"column":8},"end":{"line":174,"column":31}},"22":{"start":{"line":178,"column":8},"end":{"line":178,"column":29}},"23":{"start":{"line":184,"column":8},"end":{"line":184,"column":24}}},"branchMap":{"1":{"line":71,"type":"if","locations":[{"start":{"line":71,"column":8},"end":{"line":71,"column":8}},{"start":{"line":71,"column":8},"end":{"line":71,"column":8}}]},"2":{"line":75,"type":"if","locations":[{"start":{"line":75,"column":8},"end":{"line":75,"column":8}},{"start":{"line":75,"column":8},"end":{"line":75,"column":8}}]},"3":{"line":118,"type":"if","locations":[{"start":{"line":118,"column":8},"end":{"line":118,"column":8}},{"start":{"line":118,"column":8},"end":{"line":118,"column":8}}]}}},"contracts/test/VRFCoordinatorV2Mock.sol":{"l":{},"path":"/Users/gokul/Desktop/projects/hardhat-fcc/hardhat-fcc-raffle/contracts/test/VRFCoordinatorV2Mock.sol","s":{},"b":{},"f":{},"fnMap":{},"statementMap":{},"branchMap":{}}}