TN:
SF:/Users/gokul/Desktop/projects/hardhat-fcc/hardhat-fcc-raffle/contracts/Raffle.sol
FN:57,constructor
FN:69,enterRaffle
FN:90,checkUpkeep
FN:114,performUpkeep
FN:136,fulfillRandomWords
FN:153,getEntranceFee
FN:157,getPlayer
FN:161,getLastTimestamp
FN:165,getInterval
FN:169,getRaffleState
FN:173,getNumPlayers
FN:177,getRecentWinner
FN:183,getNumWords
FNF:13
FNH:12
FNDA:3,constructor
FNDA:16,enterRaffle
FNDA:10,checkUpkeep
FNDA:6,performUpkeep
FNDA:1,fulfillRandomWords
FNDA:15,getEntranceFee
FNDA:1,getPlayer
FNDA:2,getLastTimestamp
FNDA:15,getInterval
FNDA:3,getRaffleState
FNDA:1,getNumPlayers
FNDA:1,getRecentWinner
FNDA:0,getNumWords
DA:58,3
DA:59,3
DA:60,3
DA:61,3
DA:62,3
DA:63,3
DA:65,3
DA:66,3
DA:71,16
DA:72,1
DA:75,15
DA:76,1
DA:78,14
DA:79,14
DA:101,10
DA:102,10
DA:103,10
DA:104,10
DA:106,10
DA:117,6
DA:118,6
DA:119,0
DA:123,6
DA:124,6
DA:132,6
DA:140,1
DA:141,1
DA:142,1
DA:145,1
DA:146,1
DA:147,1
DA:149,1
DA:154,15
DA:158,1
DA:162,2
DA:166,15
DA:170,3
DA:174,1
DA:178,1
DA:184,0
LF:40
LH:38
BRDA:71,1,0,1
BRDA:71,1,1,15
BRDA:75,2,0,1
BRDA:75,2,1,14
BRDA:118,3,0,0
BRDA:118,3,1,6
BRF:6
BRH:5
end_of_record
TN:
SF:/Users/gokul/Desktop/projects/hardhat-fcc/hardhat-fcc-raffle/contracts/test/VRFCoordinatorV2Mock.sol
FNF:0
FNH:0
LF:0
LH:0
BRF:0
BRH:0
end_of_record
